\BOOKMARK [0][-]{chapter.1}{\376\377\0001\000\040\000I\000n\000t\000r\000o\000d\000u\000c\000t\000i\000o\000n}{}% 1
\BOOKMARK [0][-]{chapter.2}{\376\377\0002\000\040\000D\000a\000t\000a\000\040\000S\000t\000r\000u\000c\000t\000u\000r\000e\000\040\000I\000n\000d\000e\000x}{}% 2
\BOOKMARK [1][-]{section.2.1}{\376\377\0002\000.\0001\000\040\000D\000a\000t\000a\000\040\000S\000t\000r\000u\000c\000t\000u\000r\000e\000s}{chapter.2}% 3
\BOOKMARK [0][-]{chapter.3}{\376\377\0003\000\040\000F\000i\000l\000e\000\040\000I\000n\000d\000e\000x}{}% 4
\BOOKMARK [1][-]{section.3.1}{\376\377\0003\000.\0001\000\040\000F\000i\000l\000e\000\040\000L\000i\000s\000t}{chapter.3}% 5
\BOOKMARK [0][-]{chapter.4}{\376\377\0004\000\040\000D\000a\000t\000a\000\040\000S\000t\000r\000u\000c\000t\000u\000r\000e\000\040\000D\000o\000c\000u\000m\000e\000n\000t\000a\000t\000i\000o\000n}{}% 6
\BOOKMARK [1][-]{section.4.1}{\376\377\0004\000.\0001\000\040\000D\000E\000V\000I\000N\000F\000O\000R\000M\000A\000T\000I\000O\000N\000E\000X}{chapter.4}% 7
\BOOKMARK [2][-]{subsection.4.1.1}{\376\377\0004\000.\0001\000.\0001\000\040\000D\000e\000t\000a\000i\000l\000e\000d\000\040\000D\000e\000s\000c\000r\000i\000p\000t\000i\000o\000n}{section.4.1}% 8
\BOOKMARK [2][-]{subsection.4.1.2}{\376\377\0004\000.\0001\000.\0002\000\040\000F\000i\000e\000l\000d\000\040\000D\000o\000c\000u\000m\000e\000n\000t\000a\000t\000i\000o\000n}{section.4.1}% 9
\BOOKMARK [3][-]{subsubsection.4.1.2.1}{\376\377\0004\000.\0001\000.\0002\000.\0001\000\040\000n\000C\000h\000i\000p\000I\000D}{subsection.4.1.2}% 10
\BOOKMARK [3][-]{subsubsection.4.1.2.2}{\376\377\0004\000.\0001\000.\0002\000.\0002\000\040\000n\000D\000e\000v\000T\000y\000p\000e}{subsection.4.1.2}% 11
\BOOKMARK [3][-]{subsubsection.4.1.2.3}{\376\377\0004\000.\0001\000.\0002\000.\0003\000\040\000s\000t\000r\000D\000e\000v\000N\000a\000m\000e}{subsection.4.1.2}% 12
\BOOKMARK [3][-]{subsubsection.4.1.2.4}{\376\377\0004\000.\0001\000.\0002\000.\0004\000\040\000w\000P\000I\000D}{subsection.4.1.2}% 13
\BOOKMARK [3][-]{subsubsection.4.1.2.5}{\376\377\0004\000.\0001\000.\0002\000.\0005\000\040\000w\000U\000s\000b\000N\000o\000d\000e}{subsection.4.1.2}% 14
\BOOKMARK [3][-]{subsubsection.4.1.2.6}{\376\377\0004\000.\0001\000.\0002\000.\0006\000\040\000w\000V\000I\000D}{subsection.4.1.2}% 15
\BOOKMARK [1][-]{section.4.2}{\376\377\0004\000.\0002\000\040\000e\000S\000P\000C\000t\000r\000l\000\137\000R\000e\000c\000t\000L\000o\000g\000D\000a\000t\000a}{chapter.4}% 16
\BOOKMARK [2][-]{subsection.4.2.1}{\376\377\0004\000.\0002\000.\0001\000\040\000D\000e\000t\000a\000i\000l\000e\000d\000\040\000D\000e\000s\000c\000r\000i\000p\000t\000i\000o\000n}{section.4.2}% 17
\BOOKMARK [1][-]{section.4.3}{\376\377\0004\000.\0003\000\040\000P\000a\000r\000a\000L\000U\000T}{chapter.4}% 18
\BOOKMARK [2][-]{subsection.4.3.1}{\376\377\0004\000.\0003\000.\0001\000\040\000D\000e\000t\000a\000i\000l\000e\000d\000\040\000D\000e\000s\000c\000r\000i\000p\000t\000i\000o\000n}{section.4.3}% 19
\BOOKMARK [1][-]{section.4.4}{\376\377\0004\000.\0004\000\040\000t\000a\000g\000D\000E\000V\000I\000N\000F\000O\000R\000M\000A\000T\000I\000O\000N}{chapter.4}% 20
\BOOKMARK [2][-]{subsection.4.4.1}{\376\377\0004\000.\0004\000.\0001\000\040\000D\000e\000t\000a\000i\000l\000e\000d\000\040\000D\000e\000s\000c\000r\000i\000p\000t\000i\000o\000n}{section.4.4}% 21
\BOOKMARK [2][-]{subsection.4.4.2}{\376\377\0004\000.\0004\000.\0002\000\040\000F\000i\000e\000l\000d\000\040\000D\000o\000c\000u\000m\000e\000n\000t\000a\000t\000i\000o\000n}{section.4.4}% 22
\BOOKMARK [3][-]{subsubsection.4.4.2.1}{\376\377\0004\000.\0004\000.\0002\000.\0001\000\040\000n\000C\000h\000i\000p\000I\000D}{subsection.4.4.2}% 23
\BOOKMARK [3][-]{subsubsection.4.4.2.2}{\376\377\0004\000.\0004\000.\0002\000.\0002\000\040\000n\000D\000e\000v\000T\000y\000p\000e}{subsection.4.4.2}% 24
\BOOKMARK [3][-]{subsubsection.4.4.2.3}{\376\377\0004\000.\0004\000.\0002\000.\0003\000\040\000s\000t\000r\000D\000e\000v\000N\000a\000m\000e}{subsection.4.4.2}% 25
\BOOKMARK [3][-]{subsubsection.4.4.2.4}{\376\377\0004\000.\0004\000.\0002\000.\0004\000\040\000w\000P\000I\000D}{subsection.4.4.2}% 26
\BOOKMARK [3][-]{subsubsection.4.4.2.5}{\376\377\0004\000.\0004\000.\0002\000.\0005\000\040\000w\000U\000s\000b\000N\000o\000d\000e}{subsection.4.4.2}% 27
\BOOKMARK [3][-]{subsubsection.4.4.2.6}{\376\377\0004\000.\0004\000.\0002\000.\0006\000\040\000w\000V\000I\000D}{subsection.4.4.2}% 28
\BOOKMARK [0][-]{chapter.5}{\376\377\0005\000\040\000F\000i\000l\000e\000\040\000D\000o\000c\000u\000m\000e\000n\000t\000a\000t\000i\000o\000n}{}% 29
\BOOKMARK [1][-]{section.5.1}{\376\377\0005\000.\0001\000\040\000e\000S\000P\000D\000I\000\137\000C\000o\000m\000m\000o\000n\000.\000h\000\040\000F\000i\000l\000e\000\040\000R\000e\000f\000e\000r\000e\000n\000c\000e}{chapter.5}% 30
\BOOKMARK [2][-]{subsection.5.1.1}{\376\377\0005\000.\0001\000.\0001\000\040\000D\000e\000t\000a\000i\000l\000e\000d\000\040\000D\000e\000s\000c\000r\000i\000p\000t\000i\000o\000n}{section.5.1}% 31
\BOOKMARK [2][-]{subsection.5.1.2}{\376\377\0005\000.\0001\000.\0002\000\040\000T\000y\000p\000e\000d\000e\000f\000\040\000D\000o\000c\000u\000m\000e\000n\000t\000a\000t\000i\000o\000n}{section.5.1}% 32
\BOOKMARK [3][-]{subsubsection.5.1.2.1}{\376\377\0005\000.\0001\000.\0002\000.\0001\000\040\000D\000E\000V\000I\000N\000F\000O\000R\000M\000A\000T\000I\000O\000N}{subsection.5.1.2}% 33
\BOOKMARK [3][-]{subsubsection.5.1.2.2}{\376\377\0005\000.\0001\000.\0002\000.\0002\000\040\000e\000S\000P\000C\000t\000r\000l\000\137\000R\000e\000c\000t\000L\000o\000g\000D\000a\000t\000a}{subsection.5.1.2}% 34
\BOOKMARK [3][-]{subsubsection.5.1.2.3}{\376\377\0005\000.\0001\000.\0002\000.\0003\000\040\000P\000A\000R\000A\000L\000U\000T}{subsection.5.1.2}% 35
\BOOKMARK [2][-]{subsection.5.1.3}{\376\377\0005\000.\0001\000.\0003\000\040\000E\000n\000u\000m\000e\000r\000a\000t\000i\000o\000n\000\040\000T\000y\000p\000e\000\040\000D\000o\000c\000u\000m\000e\000n\000t\000a\000t\000i\000o\000n}{section.5.1}% 36
\BOOKMARK [3][-]{subsubsection.5.1.3.1}{\376\377\0005\000.\0001\000.\0003\000.\0001\000\040\000A\000P\000C\000\137\000D\000E\000V\000I\000C\000E\000\137\000T\000Y\000P\000E}{subsection.5.1.3}% 37
\BOOKMARK [3][-]{subsubsection.5.1.3.2}{\376\377\0005\000.\0001\000.\0003\000.\0002\000\040\000S\000E\000N\000S\000O\000R\000\137\000T\000Y\000P\000E\000\137\000N\000A\000M\000E}{subsection.5.1.3}% 38
\BOOKMARK [3][-]{subsubsection.5.1.3.3}{\376\377\0005\000.\0001\000.\0003\000.\0003\000\040\000U\000S\000E\000R\000D\000A\000T\000A\000\137\000S\000E\000C\000T\000I\000O\000N\000\137\000I\000N\000D\000E\000X}{subsection.5.1.3}% 39
\BOOKMARK [2][-]{subsection.5.1.4}{\376\377\0005\000.\0001\000.\0004\000\040\000F\000u\000n\000c\000t\000i\000o\000n\000\040\000D\000o\000c\000u\000m\000e\000n\000t\000a\000t\000i\000o\000n}{section.5.1}% 40
\BOOKMARK [3][-]{subsubsection.5.1.4.1}{\376\377\0005\000.\0001\000.\0004\000.\0001\000\040\000A\000P\000C\000\137\000C\000l\000o\000s\000e\000D\000e\000v\000i\000c\000e\000\050\000\051}{subsection.5.1.4}% 41
\BOOKMARK [3][-]{subsubsection.5.1.4.2}{\376\377\0005\000.\0001\000.\0004\000.\0002\000\040\000A\000P\000C\000\137\000D\000i\000s\000a\000b\000l\000e\000A\000E\000\050\000\051}{subsection.5.1.4}% 42
\BOOKMARK [3][-]{subsubsection.5.1.4.3}{\376\377\0005\000.\0001\000.\0004\000.\0003\000\040\000A\000P\000C\000\137\000D\000i\000s\000a\000b\000l\000e\000A\000W\000B\000\050\000\051}{subsection.5.1.4}% 43
\BOOKMARK [3][-]{subsubsection.5.1.4.4}{\376\377\0005\000.\0001\000.\0004\000.\0004\000\040\000A\000P\000C\000\137\000E\000n\000a\000b\000l\000e\000A\000E\000\050\000\051}{subsection.5.1.4}% 44
\BOOKMARK [3][-]{subsubsection.5.1.4.5}{\376\377\0005\000.\0001\000.\0004\000.\0005\000\040\000A\000P\000C\000\137\000E\000n\000a\000b\000l\000e\000A\000W\000B\000\050\000\051}{subsection.5.1.4}% 45
\BOOKMARK [3][-]{subsubsection.5.1.4.6}{\376\377\0005\000.\0001\000.\0004\000.\0006\000\040\000A\000P\000C\000\137\000E\000n\000a\000b\000l\000e\000G\000P\000U\000A\000c\000c\000e\000l\000e\000r\000a\000t\000i\000o\000n\000\050\000\051}{subsection.5.1.4}% 46
\BOOKMARK [3][-]{subsubsection.5.1.4.7}{\376\377\0005\000.\0001\000.\0004\000.\0007\000\040\000A\000P\000C\000\137\000F\000i\000n\000d\000D\000e\000v\000i\000c\000e\000\050\000\051}{subsection.5.1.4}% 47
\BOOKMARK [3][-]{subsubsection.5.1.4.8}{\376\377\0005\000.\0001\000.\0004\000.\0008\000\040\000A\000P\000C\000\137\000G\000e\000t\000C\000T\000P\000r\000o\000p\000V\000a\000l\000\050\000\051}{subsection.5.1.4}% 48
\BOOKMARK [3][-]{subsubsection.5.1.4.9}{\376\377\0005\000.\0001\000.\0004\000.\0009\000\040\000A\000P\000C\000\137\000G\000e\000t\000C\000u\000r\000r\000e\000n\000t\000I\000R\000V\000a\000l\000u\000e\000\050\000\051}{subsection.5.1.4}% 49
\BOOKMARK [3][-]{subsubsection.5.1.4.10}{\376\377\0005\000.\0001\000.\0004\000.\0001\0000\000\040\000A\000P\000C\000\137\000G\000e\000t\000D\000e\000p\000t\000h\000F\000i\000l\000t\000e\000r\000V\000e\000r\000s\000i\000o\000n\000\050\000\051}{subsection.5.1.4}% 50
\BOOKMARK [3][-]{subsubsection.5.1.4.11}{\376\377\0005\000.\0001\000.\0004\000.\0001\0001\000\040\000A\000P\000C\000\137\000G\000e\000t\000D\000e\000v\000i\000c\000e\000N\000u\000m\000b\000e\000r\000\050\000\051}{subsection.5.1.4}% 51
\BOOKMARK [3][-]{subsubsection.5.1.4.12}{\376\377\0005\000.\0001\000.\0004\000.\0001\0002\000\040\000A\000P\000C\000\137\000G\000e\000t\000D\000e\000v\000i\000c\000e\000R\000e\000s\000o\000l\000u\000t\000i\000o\000n\000L\000i\000s\000t\000\050\000\051}{subsection.5.1.4}% 52
\BOOKMARK [3][-]{subsubsection.5.1.4.13}{\376\377\0005\000.\0001\000.\0004\000.\0001\0003\000\040\000A\000P\000C\000\137\000G\000e\000t\000F\000l\000e\000x\000i\000b\000l\000e\000G\000y\000r\000o\000D\000a\000t\000a\000\050\000\051}{subsection.5.1.4}% 53
\BOOKMARK [3][-]{subsubsection.5.1.4.14}{\376\377\0005\000.\0001\000.\0004\000.\0001\0004\000\040\000A\000P\000C\000\137\000G\000e\000t\000F\000l\000e\000x\000i\000b\000l\000e\000G\000y\000r\000o\000L\000e\000n\000g\000t\000h\000\050\000\051}{subsection.5.1.4}% 54
\BOOKMARK [3][-]{subsubsection.5.1.4.15}{\376\377\0005\000.\0001\000.\0004\000.\0001\0005\000\040\000A\000P\000C\000\137\000G\000e\000t\000F\000W\000R\000e\000g\000i\000s\000t\000e\000r\000\050\000\051}{subsection.5.1.4}% 55
\BOOKMARK [3][-]{subsubsection.5.1.4.16}{\376\377\0005\000.\0001\000.\0004\000.\0001\0006\000\040\000A\000P\000C\000\137\000G\000e\000t\000F\000w\000V\000e\000r\000s\000i\000o\000n\000\050\000\051}{subsection.5.1.4}% 56
\BOOKMARK [3][-]{subsubsection.5.1.4.17}{\376\377\0005\000.\0001\000.\0004\000.\0001\0007\000\040\000A\000P\000C\000\137\000G\000e\000t\000G\000P\000I\000O\000V\000a\000l\000u\000e\000\050\000\051}{subsection.5.1.4}% 57
\BOOKMARK [3][-]{subsubsection.5.1.4.18}{\376\377\0005\000.\0001\000.\0004\000.\0001\0008\000\040\000A\000P\000C\000\137\000G\000e\000t\000H\000W\000R\000e\000g\000i\000s\000t\000e\000r\000\050\000\051}{subsection.5.1.4}% 58
\BOOKMARK [3][-]{subsubsection.5.1.4.19}{\376\377\0005\000.\0001\000.\0004\000.\0001\0009\000\040\000A\000P\000C\000\137\000G\000e\000t\000I\000R\000M\000a\000x\000V\000a\000l\000u\000e\000\050\000\051}{subsection.5.1.4}% 59
\BOOKMARK [3][-]{subsubsection.5.1.4.20}{\376\377\0005\000.\0001\000.\0004\000.\0002\0000\000\040\000A\000P\000C\000\137\000G\000e\000t\000I\000R\000M\000i\000n\000V\000a\000l\000u\000e\000\050\000\051}{subsection.5.1.4}% 60
\BOOKMARK [3][-]{subsubsection.5.1.4.21}{\376\377\0005\000.\0001\000.\0004\000.\0002\0001\000\040\000A\000P\000C\000\137\000G\000e\000t\000L\000o\000g\000D\000a\000t\000a\000\050\000\051}{subsection.5.1.4}% 61
\BOOKMARK [3][-]{subsubsection.5.1.4.22}{\376\377\0005\000.\0001\000.\0004\000.\0002\0002\000\040\000A\000P\000C\000\137\000G\000e\000t\000P\000i\000d\000V\000i\000d\000\050\000\051}{subsection.5.1.4}% 62
\BOOKMARK [3][-]{subsubsection.5.1.4.23}{\376\377\0005\000.\0001\000.\0004\000.\0002\0003\000\040\000A\000P\000C\000\137\000G\000e\000t\000P\000U\000P\000r\000o\000p\000V\000a\000l\000\050\000\051}{subsection.5.1.4}% 63
\BOOKMARK [3][-]{subsubsection.5.1.4.24}{\376\377\0005\000.\0001\000.\0004\000.\0002\0004\000\040\000A\000P\000C\000\137\000G\000e\000t\000S\000e\000n\000s\000o\000r\000R\000e\000g\000i\000s\000t\000e\000r\000\050\000\051}{subsection.5.1.4}% 64
\BOOKMARK [3][-]{subsubsection.5.1.4.25}{\376\377\0005\000.\0001\000.\0004\000.\0002\0005\000\040\000A\000P\000C\000\137\000G\000e\000t\000S\000l\000a\000v\000e\000H\000W\000R\000e\000g\000i\000s\000t\000e\000r\000\050\000\051}{subsection.5.1.4}% 65
\BOOKMARK [3][-]{subsubsection.5.1.4.26}{\376\377\0005\000.\0001\000.\0004\000.\0002\0006\000\040\000A\000P\000C\000\137\000G\000e\000t\000S\000l\000a\000v\000e\000L\000o\000g\000D\000a\000t\000a\000\050\000\051}{subsection.5.1.4}% 66
\BOOKMARK [3][-]{subsubsection.5.1.4.27}{\376\377\0005\000.\0001\000.\0004\000.\0002\0007\000\040\000A\000P\000C\000\137\000G\000e\000t\000S\000l\000a\000v\000e\000S\000e\000n\000s\000o\000r\000R\000e\000g\000i\000s\000t\000e\000r\000\050\000\051}{subsection.5.1.4}% 67
\BOOKMARK [3][-]{subsubsection.5.1.4.28}{\376\377\0005\000.\0001\000.\0004\000.\0002\0008\000\040\000A\000P\000C\000\137\000I\000n\000i\000t\000\050\000\051}{subsection.5.1.4}% 68
\BOOKMARK [3][-]{subsubsection.5.1.4.29}{\376\377\0005\000.\0001\000.\0004\000.\0002\0009\000\040\000A\000P\000C\000\137\000I\000n\000i\000t\0002\000\050\000\051}{subsection.5.1.4}% 69
\BOOKMARK [3][-]{subsubsection.5.1.4.30}{\376\377\0005\000.\0001\000.\0004\000.\0003\0000\000\040\000A\000P\000C\000\137\000I\000s\0003\0006\0000\000D\000e\000v\000i\000c\000e\000\050\000\051}{subsection.5.1.4}% 70
\BOOKMARK [3][-]{subsubsection.5.1.4.31}{\376\377\0005\000.\0001\000.\0004\000.\0003\0001\000\040\000A\000P\000C\000\137\000O\000p\000e\000n\000D\000e\000v\000i\000c\000e\000\050\000\051}{subsection.5.1.4}% 71
\BOOKMARK [3][-]{subsubsection.5.1.4.32}{\376\377\0005\000.\0001\000.\0004\000.\0003\0002\000\040\000A\000P\000C\000\137\000R\000e\000a\000d\000F\000l\000a\000s\000h\000D\000a\000t\000a\000\050\000\051}{subsection.5.1.4}% 72
\BOOKMARK [3][-]{subsubsection.5.1.4.33}{\376\377\0005\000.\0001\000.\0004\000.\0003\0003\000\040\000A\000P\000C\000\137\000R\000e\000f\000r\000e\000s\000h\000D\000e\000v\000i\000c\000e\000\050\000\051}{subsection.5.1.4}% 73
\BOOKMARK [3][-]{subsubsection.5.1.4.34}{\376\377\0005\000.\0001\000.\0004\000.\0003\0004\000\040\000A\000P\000C\000\137\000R\000e\000g\000i\000s\000t\000e\000r\000D\000e\000v\000i\000c\000e\000E\000v\000e\000n\000t\000s\000\050\000\051}{subsection.5.1.4}% 74
\BOOKMARK [3][-]{subsubsection.5.1.4.35}{\376\377\0005\000.\0001\000.\0004\000.\0003\0005\000\040\000A\000P\000C\000\137\000R\000e\000l\000e\000a\000s\000e\000\050\000\051}{subsection.5.1.4}% 75
\BOOKMARK [3][-]{subsubsection.5.1.4.36}{\376\377\0005\000.\0001\000.\0004\000.\0003\0006\000\040\000A\000P\000C\000\137\000S\000e\000t\000C\000T\000P\000r\000o\000p\000V\000a\000l\000\050\000\051}{subsection.5.1.4}% 76
\BOOKMARK [3][-]{subsubsection.5.1.4.37}{\376\377\0005\000.\0001\000.\0004\000.\0003\0007\000\040\000A\000P\000C\000\137\000S\000e\000t\000C\000u\000r\000r\000e\000n\000t\000I\000R\000V\000a\000l\000u\000e\000\050\000\051}{subsection.5.1.4}% 77
\BOOKMARK [3][-]{subsubsection.5.1.4.38}{\376\377\0005\000.\0001\000.\0004\000.\0003\0008\000\040\000A\000P\000C\000\137\000S\000e\000t\000F\000W\000R\000e\000g\000i\000s\000t\000e\000r\000\050\000\051}{subsection.5.1.4}% 78
\BOOKMARK [3][-]{subsubsection.5.1.4.39}{\376\377\0005\000.\0001\000.\0004\000.\0003\0009\000\040\000A\000P\000C\000\137\000S\000e\000t\000G\000P\000I\000O\000C\000t\000r\000l\000\050\000\051}{subsection.5.1.4}% 79
\BOOKMARK [3][-]{subsubsection.5.1.4.40}{\376\377\0005\000.\0001\000.\0004\000.\0004\0000\000\040\000A\000P\000C\000\137\000S\000e\000t\000G\000P\000I\000O\000V\000a\000l\000u\000e\000\050\000\051}{subsection.5.1.4}% 80
\BOOKMARK [3][-]{subsubsection.5.1.4.41}{\376\377\0005\000.\0001\000.\0004\000.\0004\0001\000\040\000A\000P\000C\000\137\000S\000e\000t\000H\000u\000f\000f\000m\000a\000n\000T\000a\000b\000l\000e\000D\000a\000t\000a\000\050\000\051}{subsection.5.1.4}% 81
\BOOKMARK [3][-]{subsubsection.5.1.4.42}{\376\377\0005\000.\0001\000.\0004\000.\0004\0002\000\040\000A\000P\000C\000\137\000S\000e\000t\000H\000W\000R\000e\000g\000i\000s\000t\000e\000r\000\050\000\051}{subsection.5.1.4}% 82
\BOOKMARK [3][-]{subsubsection.5.1.4.43}{\376\377\0005\000.\0001\000.\0004\000.\0004\0003\000\040\000A\000P\000C\000\137\000S\000e\000t\000I\000R\000M\000a\000x\000V\000a\000l\000u\000e\000\050\000\051}{subsection.5.1.4}% 83
\BOOKMARK [3][-]{subsubsection.5.1.4.44}{\376\377\0005\000.\0001\000.\0004\000.\0004\0004\000\040\000A\000P\000C\000\137\000S\000e\000t\000L\000o\000g\000D\000a\000t\000a\000\050\000\051}{subsection.5.1.4}% 84
\BOOKMARK [3][-]{subsubsection.5.1.4.45}{\376\377\0005\000.\0001\000.\0004\000.\0004\0005\000\040\000A\000P\000C\000\137\000S\000e\000t\000P\000i\000d\000V\000i\000d\000\050\000\051}{subsection.5.1.4}% 85
\BOOKMARK [3][-]{subsubsection.5.1.4.46}{\376\377\0005\000.\0001\000.\0004\000.\0004\0006\000\040\000A\000P\000C\000\137\000S\000e\000t\000P\000U\000P\000r\000o\000p\000V\000a\000l\000\050\000\051}{subsection.5.1.4}% 86
\BOOKMARK [3][-]{subsubsection.5.1.4.47}{\376\377\0005\000.\0001\000.\0004\000.\0004\0007\000\040\000A\000P\000C\000\137\000S\000e\000t\000Q\000u\000a\000n\000t\000i\000z\000a\000t\000i\000o\000n\000T\000a\000b\000l\000e\000D\000a\000t\000a\000\050\000\051}{subsection.5.1.4}% 87
\BOOKMARK [3][-]{subsubsection.5.1.4.48}{\376\377\0005\000.\0001\000.\0004\000.\0004\0008\000\040\000A\000P\000C\000\137\000S\000e\000t\000S\000e\000n\000s\000o\000r\000T\000y\000p\000e\000N\000a\000m\000e\000\050\000\051}{subsection.5.1.4}% 88
\BOOKMARK [3][-]{subsubsection.5.1.4.49}{\376\377\0005\000.\0001\000.\0004\000.\0004\0009\000\040\000A\000P\000C\000\137\000S\000e\000t\000S\000l\000a\000v\000e\000H\000W\000R\000e\000g\000i\000s\000t\000e\000r\000\050\000\051}{subsection.5.1.4}% 89
\BOOKMARK [3][-]{subsubsection.5.1.4.50}{\376\377\0005\000.\0001\000.\0004\000.\0005\0000\000\040\000A\000P\000C\000\137\000S\000e\000t\000S\000l\000a\000v\000e\000L\000o\000g\000D\000a\000t\000a\000\050\000\051}{subsection.5.1.4}% 90
\BOOKMARK [3][-]{subsubsection.5.1.4.51}{\376\377\0005\000.\0001\000.\0004\000.\0005\0001\000\040\000A\000P\000C\000\137\000S\000e\000t\000U\000s\000e\000r\000D\000a\000t\000a\000\050\000\051}{subsection.5.1.4}% 91
\BOOKMARK [1][-]{section.5.2}{\376\377\0005\000.\0002\000\040\000e\000S\000P\000D\000I\000\137\000D\000M\000.\000h\000\040\000F\000i\000l\000e\000\040\000R\000e\000f\000e\000r\000e\000n\000c\000e}{chapter.5}% 92
\BOOKMARK [2][-]{subsection.5.2.1}{\376\377\0005\000.\0002\000.\0001\000\040\000D\000e\000t\000a\000i\000l\000e\000d\000\040\000D\000e\000s\000c\000r\000i\000p\000t\000i\000o\000n}{section.5.2}% 93
\BOOKMARK [2][-]{subsection.5.2.2}{\376\377\0005\000.\0002\000.\0002\000\040\000F\000u\000n\000c\000t\000i\000o\000n\000\040\000D\000o\000c\000u\000m\000e\000n\000t\000a\000t\000i\000o\000n}{section.5.2}% 94
\BOOKMARK [3][-]{subsubsection.5.2.2.1}{\376\377\0005\000.\0002\000.\0002\000.\0001\000\040\000A\000P\000C\000\137\000G\000e\000t\000D\000e\000p\000t\000h\000D\000a\000t\000a\000T\000y\000p\000e\000\050\000\051}{subsection.5.2.2}% 95
\BOOKMARK [3][-]{subsubsection.5.2.2.2}{\376\377\0005\000.\0002\000.\0002\000.\0002\000\040\000A\000P\000C\000\137\000G\000e\000t\000R\000e\000c\000t\000i\000f\000y\000M\000a\000t\000L\000o\000g\000D\000a\000t\000a\000\050\000\051}{subsection.5.2.2}% 96
\BOOKMARK [3][-]{subsubsection.5.2.2.3}{\376\377\0005\000.\0002\000.\0002\000.\0003\000\040\000A\000P\000C\000\137\000G\000e\000t\000R\000e\000c\000t\000i\000f\000y\000T\000a\000b\000l\000e\000\050\000\051}{subsection.5.2.2}% 97
\BOOKMARK [3][-]{subsubsection.5.2.2.4}{\376\377\0005\000.\0002\000.\0002\000.\0004\000\040\000A\000P\000C\000\137\000G\000e\000t\000S\000l\000a\000v\000e\000R\000e\000c\000t\000i\000f\000y\000T\000a\000b\000l\000e\000\050\000\051}{subsection.5.2.2}% 98
\BOOKMARK [3][-]{subsubsection.5.2.2.5}{\376\377\0005\000.\0002\000.\0002\000.\0005\000\040\000A\000P\000C\000\137\000G\000e\000t\000S\000l\000a\000v\000e\000Y\000O\000f\000f\000s\000e\000t\000\050\000\051}{subsection.5.2.2}% 99
\BOOKMARK [3][-]{subsubsection.5.2.2.6}{\376\377\0005\000.\0002\000.\0002\000.\0006\000\040\000A\000P\000C\000\137\000G\000e\000t\000Y\000O\000f\000f\000s\000e\000t\000\050\000\051}{subsection.5.2.2}% 100
\BOOKMARK [3][-]{subsubsection.5.2.2.7}{\376\377\0005\000.\0002\000.\0002\000.\0007\000\040\000A\000P\000C\000\137\000G\000e\000t\000Z\000D\000T\000a\000b\000l\000e\000\050\000\051}{subsection.5.2.2}% 101
\BOOKMARK [3][-]{subsubsection.5.2.2.8}{\376\377\0005\000.\0002\000.\0002\000.\0008\000\040\000A\000P\000C\000\137\000S\000e\000t\000D\000e\000p\000t\000h\000D\000a\000t\000a\000T\000y\000p\000e\000\050\000\051}{subsection.5.2.2}% 102
\BOOKMARK [3][-]{subsubsection.5.2.2.9}{\376\377\0005\000.\0002\000.\0002\000.\0009\000\040\000A\000P\000C\000\137\000S\000e\000t\000H\000W\000P\000o\000s\000t\000P\000r\000o\000c\000e\000s\000s\000\050\000\051}{subsection.5.2.2}% 103
\BOOKMARK [3][-]{subsubsection.5.2.2.10}{\376\377\0005\000.\0002\000.\0002\000.\0001\0000\000\040\000A\000P\000C\000\137\000S\000e\000t\000S\000l\000a\000v\000e\000Y\000O\000f\000f\000s\000e\000t\000\050\000\051}{subsection.5.2.2}% 104
\BOOKMARK [3][-]{subsubsection.5.2.2.11}{\376\377\0005\000.\0002\000.\0002\000.\0001\0001\000\040\000A\000P\000C\000\137\000S\000e\000t\000Y\000O\000f\000f\000s\000e\000t\000\050\000\051}{subsection.5.2.2}% 105
\BOOKMARK [1][-]{section.5.3}{\376\377\0005\000.\0003\000\040\000e\000S\000P\000D\000I\000\137\000E\000r\000r\000C\000o\000d\000e\000.\000h\000\040\000F\000i\000l\000e\000\040\000R\000e\000f\000e\000r\000e\000n\000c\000e}{chapter.5}% 106
\BOOKMARK [2][-]{subsection.5.3.1}{\376\377\0005\000.\0003\000.\0001\000\040\000D\000e\000t\000a\000i\000l\000e\000d\000\040\000D\000e\000s\000c\000r\000i\000p\000t\000i\000o\000n}{section.5.3}% 107
\BOOKMARK [0][-]{section*.10}{\376\377\000I\000n\000d\000e\000x}{}% 108
