d:\workspace\etronsdk_0324\etrondi\dmpreview\win32\debug\dmpreview.pch
d:\workspace\etronsdk_0324\etrondi\dmpreview\win32\debug\vc141.pdb
d:\workspace\etronsdk_0324\etrondi\dmpreview\win32\debug\vc141.idb
d:\workspace\etronsdk_0324\etrondi\dmpreview\win32\debug\stdafx.obj
d:\workspace\etronsdk_0324\etrondi\dmpreview\win32\debug\audiodlg.obj
d:\workspace\etronsdk_0324\etrondi\dmpreview\win32\debug\colorpalettegenerator.obj
d:\workspace\etronsdk_0324\etrondi\dmpreview\win32\debug\modeconfig.obj
d:\workspace\etronsdk_0324\etrondi\dmpreview\win32\debug\waitdlg.obj
d:\workspace\etronsdk_0324\etrondi\dmpreview\win32\debug\audiocapture.obj
d:\workspace\etronsdk_0324\etrondi\dmpreview\win32\debug\cimuviewer.obj
d:\workspace\etronsdk_0324\etrondi\dmpreview\win32\debug\imudata.obj
d:\workspace\etronsdk_0324\etrondi\dmpreview\win32\debug\3dmodel.obj
d:\workspace\etronsdk_0324\etrondi\dmpreview\win32\debug\arcball.obj
d:\workspace\etronsdk_0324\etrondi\dmpreview\win32\debug\arcballmatrix.obj
d:\workspace\etronsdk_0324\etrondi\dmpreview\win32\debug\boundingbox.obj
d:\workspace\etronsdk_0324\etrondi\dmpreview\win32\debug\glslprogram.obj
d:\workspace\etronsdk_0324\etrondi\dmpreview\win32\debug\pointcloudviewer.obj
d:\workspace\etronsdk_0324\etrondi\dmpreview\win32\debug\resizabledlg.obj
d:\workspace\etronsdk_0324\etrondi\dmpreview\win32\debug\windowsmfcutility.obj
d:\workspace\etronsdk_0324\etrondi\dmpreview\win32\debug\dmpreview.tlog\cl.command.1.tlog
d:\workspace\etronsdk_0324\etrondi\dmpreview\win32\debug\dmpreview.tlog\cl.read.1.tlog
d:\workspace\etronsdk_0324\etrondi\dmpreview\win32\debug\dmpreview.tlog\cl.write.1.tlog
