d:\workspace\etronsdk_20230330\etrondi\dmpreview\win32\release\dmpreview.pch
d:\workspace\etronsdk_20230330\etrondi\dmpreview\win32\release\vc141.pdb
d:\workspace\etronsdk_20230330\etrondi\dmpreview\win32\release\stdafx.obj
d:\workspace\etronsdk_20230330\etrondi\dmpreview\win32\release\audiodlg.obj
d:\workspace\etronsdk_20230330\etrondi\dmpreview\win32\release\sparsemode_propertydlg.obj
d:\workspace\etronsdk_20230330\etrondi\dmpreview\win32\release\aeawb_propertydlg.obj
d:\workspace\etronsdk_20230330\etrondi\dmpreview\win32\release\modulecalibparwrite.obj
d:\workspace\etronsdk_20230330\etrondi\dmpreview\win32\release\self_calibrationdlg.obj
d:\workspace\etronsdk_20230330\etrondi\dmpreview\win32\release\windowsmfcutility.obj
d:\workspace\etronsdk_20230330\etrondi\dmpreview\win32\release\resizabledlg.obj
d:\workspace\etronsdk_20230330\etrondi\dmpreview\win32\release\pointcloudviewer.obj
d:\workspace\etronsdk_20230330\etrondi\dmpreview\win32\release\glslprogram.obj
d:\workspace\etronsdk_20230330\etrondi\dmpreview\win32\release\boundingbox.obj
d:\workspace\etronsdk_20230330\etrondi\dmpreview\win32\release\arcballmatrix.obj
d:\workspace\etronsdk_20230330\etrondi\dmpreview\win32\release\arcball.obj
d:\workspace\etronsdk_20230330\etrondi\dmpreview\win32\release\3dmodel.obj
d:\workspace\etronsdk_20230330\etrondi\dmpreview\win32\release\imudata.obj
d:\workspace\etronsdk_20230330\etrondi\dmpreview\win32\release\plyfilter.obj
d:\workspace\etronsdk_20230330\etrondi\dmpreview\win32\release\framegrabber.obj
d:\workspace\etronsdk_20230330\etrondi\dmpreview\win32\release\apcutility.obj
d:\workspace\etronsdk_20230330\etrondi\dmpreview\win32\release\depthfusionhelper.obj
d:\workspace\etronsdk_20230330\etrondi\dmpreview\win32\release\cimuviewer.obj
d:\workspace\etronsdk_20230330\etrondi\dmpreview\win32\release\audiocapture.obj
d:\workspace\etronsdk_20230330\etrondi\dmpreview\win32\release\waitdlg.obj
d:\workspace\etronsdk_20230330\etrondi\dmpreview\win32\release\videodevicedlg.obj
d:\workspace\etronsdk_20230330\etrondi\dmpreview\win32\release\registersettings.obj
d:\workspace\etronsdk_20230330\etrondi\dmpreview\win32\release\registeraccessdlg.obj
d:\workspace\etronsdk_20230330\etrondi\dmpreview\win32\release\previewimagedlg.obj
d:\workspace\etronsdk_20230330\etrondi\dmpreview\win32\release\plywriter.obj
d:\workspace\etronsdk_20230330\etrondi\dmpreview\win32\release\modeconfig.obj
d:\workspace\etronsdk_20230330\etrondi\dmpreview\win32\release\apc_testdlg.obj
d:\workspace\etronsdk_20230330\etrondi\dmpreview\win32\release\apc_test.obj
d:\workspace\etronsdk_20230330\etrondi\dmpreview\win32\release\measuredistancedlg.obj
d:\workspace\etronsdk_20230330\etrondi\dmpreview\win32\release\imutestdlg.obj
d:\workspace\etronsdk_20230330\etrondi\dmpreview\win32\release\framesyncmanager.obj
d:\workspace\etronsdk_20230330\etrondi\dmpreview\win32\release\distanceaccuracydlg.obj
d:\workspace\etronsdk_20230330\etrondi\dmpreview\win32\release\depthfilterdlg.obj
d:\workspace\etronsdk_20230330\etrondi\dmpreview\win32\release\colorpalettegenerator.obj
d:\workspace\etronsdk_20230330\etrondi\dmpreview\win32\release\depthdlg.obj
d:\workspace\etronsdk_20230330\etrondi\dmpreview\win32\release\colordlg.obj
d:\workspace\etronsdk_20230330\etrondi\dmpreview\win32\release\automodulesyncmanager.obj
d:\workspace\etronsdk_20230330\etrondi\dmpreview\win32\release\automoduelsyncdlg.obj
d:\workspace\etronsdk_20230330\etrondi\dmpreview\win32\release\sqlite3.obj
d:\workspace\etronsdk_20230330\etrondi\dmpreview\win32\release\shell.obj
d:\workspace\etronsdk_20230330\etrondi\dmpreview\win32\release\quaternion1.obj
d:\workspace\etronsdk_20230330\etrondi\dmpreview\win32\release\rply.obj
d:\workspace\etronsdk_20230330\etrondi\dmpreview\win32\release\hid.obj
d:\workspace\etronsdk_20230330\etrondi\win32\release\dmpreview.lib
d:\workspace\etronsdk_20230330\etrondi\win32\release\dmpreview.exp
d:\workspace\etronsdk_20230330\etrondi\win32\release\dmpreview.ilk
d:\workspace\etronsdk_20230330\etrondi\win32\release\dmpreview.exe
d:\workspace\etronsdk_20230330\etrondi\win32\release\dmpreview.pdb
d:\workspace\etronsdk_20230330\etrondi\dmpreview\win32\release\dmpreview.res
d:\workspace\etronsdk_20230330\etrondi\dmpreview\win32\release\dmpreview.tlog\cl.command.1.tlog
d:\workspace\etronsdk_20230330\etrondi\dmpreview\win32\release\dmpreview.tlog\cl.read.1.tlog
d:\workspace\etronsdk_20230330\etrondi\dmpreview\win32\release\dmpreview.tlog\cl.write.1.tlog
d:\workspace\etronsdk_20230330\etrondi\dmpreview\win32\release\dmpreview.tlog\dmpreview.write.1u.tlog
d:\workspace\etronsdk_20230330\etrondi\dmpreview\win32\release\dmpreview.tlog\link.command.1.tlog
d:\workspace\etronsdk_20230330\etrondi\dmpreview\win32\release\dmpreview.tlog\link.read.1.tlog
d:\workspace\etronsdk_20230330\etrondi\dmpreview\win32\release\dmpreview.tlog\link.write.1.tlog
d:\workspace\etronsdk_20230330\etrondi\dmpreview\win32\release\dmpreview.tlog\rc.command.1.tlog
d:\workspace\etronsdk_20230330\etrondi\dmpreview\win32\release\dmpreview.tlog\rc.read.1.tlog
d:\workspace\etronsdk_20230330\etrondi\dmpreview\win32\release\dmpreview.tlog\rc.write.1.tlog
