  AEAWB_PropertyDlg.cpp
d:\workspace\test24\etronsdk\etrondi\utility\pointcloudviewer\oglbasic.h(15): warning C4305: '正在初始化': 從 'double' 轉換為 'const float'，是由較大的類型轉換為較小的類型，可能導致資料遺失
d:\workspace\test24\etronsdk\etrondi\utility\pointcloudviewer\pointcloudviewer.h(35): warning C4305: '正在初始化': 從 'double' 轉換為 'float'，是由較大的類型轉換為較小的類型，可能導致資料遺失
  ColorDlg.cpp
d:\workspace\test24\etronsdk\etrondi\utility\pointcloudviewer\oglbasic.h(15): warning C4305: '正在初始化': 從 'double' 轉換為 'const float'，是由較大的類型轉換為較小的類型，可能導致資料遺失
d:\workspace\test24\etronsdk\etrondi\utility\pointcloudviewer\pointcloudviewer.h(35): warning C4305: '正在初始化': 從 'double' 轉換為 'float'，是由較大的類型轉換為較小的類型，可能導致資料遺失
  DepthDlg.cpp
d:\workspace\test24\etronsdk\etrondi\utility\pointcloudviewer\oglbasic.h(15): warning C4305: '正在初始化': 從 'double' 轉換為 'const float'，是由較大的類型轉換為較小的類型，可能導致資料遺失
d:\workspace\test24\etronsdk\etrondi\utility\pointcloudviewer\pointcloudviewer.h(35): warning C4305: '正在初始化': 從 'double' 轉換為 'float'，是由較大的類型轉換為較小的類型，可能導致資料遺失
d:\workspace\test24\etronsdk\etrondi\dmpreview\depthdlg.cpp(21): warning C4018: '<': signed/unsigned 不相符
d:\workspace\test24\etronsdk\etrondi\dmpreview\depthdlg.cpp(24): warning C4018: '<': signed/unsigned 不相符
d:\workspace\test24\etronsdk\etrondi\dmpreview\depthdlg.cpp(48): warning C4018: '<': signed/unsigned 不相符
d:\workspace\test24\etronsdk\etrondi\dmpreview\depthdlg.cpp(51): warning C4018: '<': signed/unsigned 不相符
d:\workspace\test24\etronsdk\etrondi\dmpreview\depthdlg.cpp(75): warning C4018: '<': signed/unsigned 不相符
d:\workspace\test24\etronsdk\etrondi\dmpreview\depthdlg.cpp(78): warning C4018: '<': signed/unsigned 不相符
d:\workspace\test24\etronsdk\etrondi\dmpreview\depthdlg.cpp(108): warning C4018: '<': signed/unsigned 不相符
d:\workspace\test24\etronsdk\etrondi\dmpreview\depthdlg.cpp(111): warning C4018: '<': signed/unsigned 不相符
d:\workspace\test24\etronsdk\etrondi\dmpreview\depthdlg.cpp(138): warning C4018: '<': signed/unsigned 不相符
d:\workspace\test24\etronsdk\etrondi\dmpreview\depthdlg.cpp(141): warning C4018: '<': signed/unsigned 不相符
d:\workspace\test24\etronsdk\etrondi\dmpreview\depthdlg.cpp(197): warning C4244: '引數': 將 'float' 轉換為 'int'，由於類型不同，可能導致資料遺失
d:\workspace\test24\etronsdk\etrondi\dmpreview\depthdlg.cpp(252): warning C4244: '引數': 將 'float' 轉換為 'int'，由於類型不同，可能導致資料遺失
d:\workspace\test24\etronsdk\etrondi\dmpreview\depthdlg.cpp(420): warning C4305: '正在初始化': 從 'INT' 轉換為 'WORD'，是由較大的類型轉換為較小的類型，可能導致資料遺失
d:\workspace\test24\etronsdk\etrondi\dmpreview\depthdlg.cpp(420): warning C4309: '正在初始化': 轉換導致常數值遭截斷; 可能需要使用較大的類型
  DepthFilterDlg.cpp
d:\workspace\test24\etronsdk\etrondi\utility\pointcloudviewer\oglbasic.h(15): warning C4305: '正在初始化': 從 'double' 轉換為 'const float'，是由較大的類型轉換為較小的類型，可能導致資料遺失
d:\workspace\test24\etronsdk\etrondi\utility\pointcloudviewer\pointcloudviewer.h(35): warning C4305: '正在初始化': 從 'double' 轉換為 'float'，是由較大的類型轉換為較小的類型，可能導致資料遺失
d:\workspace\test24\etronsdk\etrondi\dmpreview\depthfilterdlg.cpp(280): warning C4244: '=': 將 'double' 轉換為 'float'，由於類型不同，可能導致資料遺失
d:\workspace\test24\etronsdk\etrondi\dmpreview\depthfilterdlg.cpp(283): warning C4244: '=': 將 'double' 轉換為 'float'，由於類型不同，可能導致資料遺失
  DistanceAccuracyDlg.cpp
d:\workspace\test24\etronsdk\etrondi\dmpreview\distanceaccuracydlg.cpp : warning C4819: 檔案含有無法在目前字碼頁 (950) 中表示的字元。請以 Unicode 格式儲存檔案以防止資料遺失
d:\workspace\test24\etronsdk\etrondi\utility\pointcloudviewer\oglbasic.h(15): warning C4305: '正在初始化': 從 'double' 轉換為 'const float'，是由較大的類型轉換為較小的類型，可能導致資料遺失
d:\workspace\test24\etronsdk\etrondi\utility\pointcloudviewer\pointcloudviewer.h(35): warning C4305: '正在初始化': 從 'double' 轉換為 'float'，是由較大的類型轉換為較小的類型，可能導致資料遺失
d:\workspace\test24\etronsdk\etrondi\dmpreview\distanceaccuracydlg.cpp(206): warning C4244: '=': 將 'float' 轉換為 'int'，由於類型不同，可能導致資料遺失
d:\workspace\test24\etronsdk\etrondi\dmpreview\distanceaccuracydlg.cpp(376): warning C4244: '=': 將 'double' 轉換為 '_Ty'，由於類型不同，可能導致資料遺失
          with
          [
              _Ty=float
          ]
d:\workspace\test24\etronsdk\etrondi\dmpreview\distanceaccuracydlg.cpp(400): warning C4244: '正在初始化': 將 'double' 轉換為 'int'，由於類型不同，可能導致資料遺失
d:\workspace\test24\etronsdk\etrondi\dmpreview\distanceaccuracydlg.cpp(530): warning C4244: '=': 將 'double' 轉換為 'float'，由於類型不同，可能導致資料遺失
  IMUTestDlg.cpp
d:\workspace\test24\etronsdk\etrondi\dmpreview\imutestdlg.cpp : warning C4819: 檔案含有無法在目前字碼頁 (950) 中表示的字元。請以 Unicode 格式儲存檔案以防止資料遺失
d:\workspace\test24\etronsdk\etrondi\dmpreview\imutestdlg.h : warning C4819: 檔案含有無法在目前字碼頁 (950) 中表示的字元。請以 Unicode 格式儲存檔案以防止資料遺失
d:\workspace\test24\etronsdk\etrondi\utility\pointcloudviewer\oglbasic.h(15): warning C4305: '正在初始化': 從 'double' 轉換為 'const float'，是由較大的類型轉換為較小的類型，可能導致資料遺失
d:\workspace\test24\etronsdk\etrondi\utility\pointcloudviewer\pointcloudviewer.h(35): warning C4305: '正在初始化': 從 'double' 轉換為 'float'，是由較大的類型轉換為較小的類型，可能導致資料遺失
d:\workspace\test24\etronsdk\etrondi\dmpreview\imutestdlg.cpp(922): warning C4018: '<=': signed/unsigned 不相符
d:\workspace\test24\etronsdk\etrondi\dmpreview\imutestdlg.cpp(1022): warning C4819: 檔案含有無法在目前字碼頁 (950) 中表示的字元。請以 Unicode 格式儲存檔案以防止資料遺失
d:\workspace\test24\etronsdk\etrondi\dmpreview\imutestdlg.cpp(1178): warning C4244: '=': 將 'double' 轉換為 'float'，由於類型不同，可能導致資料遺失
d:\workspace\test24\etronsdk\etrondi\dmpreview\imutestdlg.cpp(1179): warning C4244: '=': 將 'double' 轉換為 'float'，由於類型不同，可能導致資料遺失
d:\workspace\test24\etronsdk\etrondi\dmpreview\imutestdlg.cpp(1180): warning C4244: '=': 將 'double' 轉換為 'float'，由於類型不同，可能導致資料遺失
d:\workspace\test24\etronsdk\etrondi\dmpreview\imutestdlg.cpp(1181): warning C4244: '=': 將 'double' 轉換為 'float'，由於類型不同，可能導致資料遺失
  MeasureDistanceDlg.cpp
d:\workspace\test24\etronsdk\etrondi\utility\pointcloudviewer\oglbasic.h(15): warning C4305: '正在初始化': 從 'double' 轉換為 'const float'，是由較大的類型轉換為較小的類型，可能導致資料遺失
d:\workspace\test24\etronsdk\etrondi\utility\pointcloudviewer\pointcloudviewer.h(35): warning C4305: '正在初始化': 從 'double' 轉換為 'float'，是由較大的類型轉換為較小的類型，可能導致資料遺失
d:\workspace\test24\etronsdk\etrondi\dmpreview\measuredistancedlg.cpp(178): warning C4244: '=': 將 'unsigned int' 轉換為 'float'，由於類型不同，可能導致資料遺失
d:\workspace\test24\etronsdk\etrondi\dmpreview\measuredistancedlg.cpp(186): warning C4244: '=': 將 'unsigned int' 轉換為 'float'，由於類型不同，可能導致資料遺失
d:\workspace\test24\etronsdk\etrondi\dmpreview\measuredistancedlg.cpp(201): warning C4244: '=': 將 'unsigned int' 轉換為 'float'，由於類型不同，可能導致資料遺失
d:\workspace\test24\etronsdk\etrondi\dmpreview\measuredistancedlg.cpp(209): warning C4244: '=': 將 'unsigned int' 轉換為 'float'，由於類型不同，可能導致資料遺失
d:\workspace\test24\etronsdk\etrondi\dmpreview\measuredistancedlg.cpp(225): warning C4244: '=': 將 'unsigned int' 轉換為 'float'，由於類型不同，可能導致資料遺失
d:\workspace\test24\etronsdk\etrondi\dmpreview\measuredistancedlg.cpp(233): warning C4244: '=': 將 'unsigned int' 轉換為 'float'，由於類型不同，可能導致資料遺失
d:\workspace\test24\etronsdk\etrondi\dmpreview\measuredistancedlg.cpp(249): warning C4018: '<': signed/unsigned 不相符
d:\workspace\test24\etronsdk\etrondi\dmpreview\measuredistancedlg.cpp(255): warning C4018: '<': signed/unsigned 不相符
d:\workspace\test24\etronsdk\etrondi\dmpreview\measuredistancedlg.cpp(261): warning C4018: '<': signed/unsigned 不相符
  PreviewImageDlg.cpp
d:\workspace\test24\etronsdk\etrondi\utility\pointcloudviewer\oglbasic.h(15): warning C4305: '正在初始化': 從 'double' 轉換為 'const float'，是由較大的類型轉換為較小的類型，可能導致資料遺失
d:\workspace\test24\etronsdk\etrondi\utility\pointcloudviewer\pointcloudviewer.h(35): warning C4305: '正在初始化': 從 'double' 轉換為 'float'，是由較大的類型轉換為較小的類型，可能導致資料遺失
d:\workspace\test24\etronsdk\etrondi\dmpreview\previewimagedlg.cpp(134): warning C4244: '引數': 將 'int' 轉換為 'float'，由於類型不同，可能導致資料遺失
d:\workspace\test24\etronsdk\etrondi\dmpreview\previewimagedlg.cpp(164): warning C4244: '引數': 將 'int' 轉換為 'float'，由於類型不同，可能導致資料遺失
d:\workspace\test24\etronsdk\etrondi\dmpreview\previewimagedlg.cpp(268): warning C4805: '==': 作業中不安全的混用類型 'const BOOL' 和類型 'bool'
d:\workspace\test24\etronsdk\etrondi\dmpreview\previewimagedlg.cpp(826): warning C4018: '>': signed/unsigned 不相符
d:\workspace\test24\etronsdk\etrondi\dmpreview\previewimagedlg.cpp(1212): warning C4244: '正在初始化': 將 'float' 轉換為 'int'，由於類型不同，可能導致資料遺失
d:\workspace\test24\etronsdk\etrondi\dmpreview\previewimagedlg.cpp(1213): warning C4244: '正在初始化': 將 'float' 轉換為 'int'，由於類型不同，可能導致資料遺失
d:\workspace\test24\etronsdk\etrondi\dmpreview\previewimagedlg.cpp(1252): warning C4018: '<': signed/unsigned 不相符
d:\workspace\test24\etronsdk\etrondi\dmpreview\previewimagedlg.cpp(1462): warning C4244: '=': 將 'int' 轉換為 'float'，由於類型不同，可能導致資料遺失
d:\workspace\test24\etronsdk\etrondi\dmpreview\previewimagedlg.cpp(1463): warning C4244: '=': 將 'int' 轉換為 'float'，由於類型不同，可能導致資料遺失
d:\workspace\test24\etronsdk\etrondi\dmpreview\previewimagedlg.cpp(1559): warning C4819: 檔案含有無法在目前字碼頁 (950) 中表示的字元。請以 Unicode 格式儲存檔案以防止資料遺失
d:\workspace\test24\etronsdk\etrondi\dmpreview\previewimagedlg.cpp(1806): warning C4244: '=': 將 'double' 轉換為 'float'，由於類型不同，可能導致資料遺失
d:\workspace\test24\etronsdk\etrondi\dmpreview\previewimagedlg.cpp(2220): warning C4244: '正在初始化': 將 'int' 轉換為 'float'，由於類型不同，可能導致資料遺失
d:\workspace\test24\etronsdk\etrondi\dmpreview\previewimagedlg.cpp(2285): warning C4819: 檔案含有無法在目前字碼頁 (950) 中表示的字元。請以 Unicode 格式儲存檔案以防止資料遺失
d:\workspace\test24\etronsdk\etrondi\dmpreview\previewimagedlg.cpp(2368): warning C4390: ';': 找到空白的控制陳述式，是正確的嗎?
d:\workspace\test24\etronsdk\etrondi\dmpreview\previewimagedlg.cpp(2747): warning C4244: '引數': 將 'int' 轉換為 'const float'，由於類型不同，可能導致資料遺失
d:\workspace\test24\etronsdk\etrondi\dmpreview\previewimagedlg.cpp(3460): warning C4244: '引數': 將 'const int' 轉換為 'const float'，由於類型不同，可能導致資料遺失
  VideoDeviceDlg.cpp
d:\workspace\test24\etronsdk\etrondi\dmpreview\apc_testdlg.h : warning C4819: 檔案含有無法在目前字碼頁 (950) 中表示的字元。請以 Unicode 格式儲存檔案以防止資料遺失
d:\workspace\test24\etronsdk\etrondi\utility\pointcloudviewer\oglbasic.h(15): warning C4305: '正在初始化': 從 'double' 轉換為 'const float'，是由較大的類型轉換為較小的類型，可能導致資料遺失
d:\workspace\test24\etronsdk\etrondi\utility\pointcloudviewer\pointcloudviewer.h(35): warning C4305: '正在初始化': 從 'double' 轉換為 'float'，是由較大的類型轉換為較小的類型，可能導致資料遺失
d:\workspace\test24\etronsdk\etrondi\dmpreview\imutestdlg.h : warning C4819: 檔案含有無法在目前字碼頁 (950) 中表示的字元。請以 Unicode 格式儲存檔案以防止資料遺失
  正在產生程式碼...
  DMPreview.vcxproj -> D:\Workspace\test24\etronsdk\EtronDI\Win32\Release\DMPreview.exe
  子目錄或檔案 D:\Workspace\test24\etronsdk\EtronDI\..\bin\eSPDI_DM\Win32 已經存在。
  D:\Workspace\test24\etronsdk\EtronDI\Win32\Release\DMPreview.exe -> D:\Workspace\test24\etronsdk\bin\eSPDI_DM\Win32\DMPreview.exe
  已複製 1 個檔案
  D:\Workspace\test24\etronsdk\eSPDI\DM\Win32\eSPDI_DM.dll -> D:\Workspace\test24\etronsdk\bin\eSPDI_DM\Win32\eSPDI_DM.dll
  已複製 1 個檔案
  D:\Workspace\test24\etronsdk\EtronDI\DMPreview\cfg\ModeConfig.db -> D:\Workspace\test24\etronsdk\bin\eSPDI_DM\Win32\cfg\ModeConfig.db
  已複製 1 個檔案
  D:\Workspace\test24\etronsdk\EtronDI\DMPreview\APC_SdkConfig.ini -> D:\Workspace\test24\etronsdk\bin\eSPDI_DM\Win32\APC_SdkConfig.ini
  已複製 1 個檔案
  D:\Workspace\test24\etronsdk\EtronDI\DMPreview\cfg\DM_Quality_Cfg\EX8036_DM_Quality_Register_Setting.cfg -> D:\Workspace\test24\etronsdk\bin\eSPDI_DM\Win32\cfg\DM_Quality_Cfg\EX8036_DM_Quality_Register_Setting.cfg
  D:\Workspace\test24\etronsdk\EtronDI\DMPreview\cfg\DM_Quality_Cfg\EX8037_DM_Quality_Register_Setting.cfg -> D:\Workspace\test24\etronsdk\bin\eSPDI_DM\Win32\cfg\DM_Quality_Cfg\EX8037_DM_Quality_Register_Setting.cfg
  D:\Workspace\test24\etronsdk\EtronDI\DMPreview\cfg\DM_Quality_Cfg\EX8038_BL15cm_DM_Quality_Register_Setting.cfg -> D:\Workspace\test24\etronsdk\bin\eSPDI_DM\Win32\cfg\DM_Quality_Cfg\EX8038_BL15cm_DM_Quality_Register_Setting.cfg
  D:\Workspace\test24\etronsdk\EtronDI\DMPreview\cfg\DM_Quality_Cfg\EX8038_BL3cm_DM_Quality_Register_Setting.cfg -> D:\Workspace\test24\etronsdk\bin\eSPDI_DM\Win32\cfg\DM_Quality_Cfg\EX8038_BL3cm_DM_Quality_Register_Setting.cfg
  D:\Workspace\test24\etronsdk\EtronDI\DMPreview\cfg\DM_Quality_Cfg\EX8038_BL6cm_DM_Quality_Register_Setting.cfg -> D:\Workspace\test24\etronsdk\bin\eSPDI_DM\Win32\cfg\DM_Quality_Cfg\EX8038_BL6cm_DM_Quality_Register_Setting.cfg
  D:\Workspace\test24\etronsdk\EtronDI\DMPreview\cfg\DM_Quality_Cfg\EX8040S_DM_Quality_Register_Setting.cfg -> D:\Workspace\test24\etronsdk\bin\eSPDI_DM\Win32\cfg\DM_Quality_Cfg\EX8040S_DM_Quality_Register_Setting.cfg
  D:\Workspace\test24\etronsdk\EtronDI\DMPreview\cfg\DM_Quality_Cfg\EX8052_DM_Quality_Register_Setting.cfg -> D:\Workspace\test24\etronsdk\bin\eSPDI_DM\Win32\cfg\DM_Quality_Cfg\EX8052_DM_Quality_Register_Setting.cfg
  D:\Workspace\test24\etronsdk\EtronDI\DMPreview\cfg\DM_Quality_Cfg\EX8053_DM_Quality_Register_Setting.cfg -> D:\Workspace\test24\etronsdk\bin\eSPDI_DM\Win32\cfg\DM_Quality_Cfg\EX8053_DM_Quality_Register_Setting.cfg
  D:\Workspace\test24\etronsdk\EtronDI\DMPreview\cfg\DM_Quality_Cfg\EX8054_DM_Quality_Register_Setting.cfg -> D:\Workspace\test24\etronsdk\bin\eSPDI_DM\Win32\cfg\DM_Quality_Cfg\EX8054_DM_Quality_Register_Setting.cfg
  D:\Workspace\test24\etronsdk\EtronDI\DMPreview\cfg\DM_Quality_Cfg\HYPATIA_DM_Quality_Register_Setting.cfg -> D:\Workspace\test24\etronsdk\bin\eSPDI_DM\Win32\cfg\DM_Quality_Cfg\HYPATIA_DM_Quality_Register_Setting.cfg
  D:\Workspace\test24\etronsdk\EtronDI\DMPreview\cfg\DM_Quality_Cfg\ORANGEITRI_DM_Quality_Register_Setting.cfg -> D:\Workspace\test24\etronsdk\bin\eSPDI_DM\Win32\cfg\DM_Quality_Cfg\ORANGEITRI_DM_Quality_Register_Setting.cfg
  D:\Workspace\test24\etronsdk\EtronDI\DMPreview\cfg\DM_Quality_Cfg\SANDRA_DM_Quality_Register_Setting.cfg -> D:\Workspace\test24\etronsdk\bin\eSPDI_DM\Win32\cfg\DM_Quality_Cfg\SANDRA_DM_Quality_Register_Setting.cfg
  D:\Workspace\test24\etronsdk\EtronDI\DMPreview\cfg\DM_Quality_Cfg\YX8059_DM_Quality_Register_Setting.cfg -> D:\Workspace\test24\etronsdk\bin\eSPDI_DM\Win32\cfg\DM_Quality_Cfg\YX8059_DM_Quality_Register_Setting.cfg
  D:\Workspace\test24\etronsdk\EtronDI\DMPreview\cfg\DM_Quality_Cfg\YX8062_DM_Quality_Register_Setting.cfg -> D:\Workspace\test24\etronsdk\bin\eSPDI_DM\Win32\cfg\DM_Quality_Cfg\YX8062_DM_Quality_Register_Setting.cfg
  已複製 14 個檔案
